<?xml version="1.0" encoding="UTF-8"?>
<testsuite xmlns:xsi="http://www.w3.org/2001/XMLSchema-instance" xsi:noNamespaceSchemaLocation="https://maven.apache.org/surefire/maven-surefire-plugin/xsd/surefire-test-report.xsd" name="ChromeDriverTest.AccountProfileTest" time="19.138" tests="2" errors="0" skipped="0" failures="0">
  <properties>
[...]
</properties>
  <testcase name="ExitTest" classname="ChromeDriverTest.AccountProfileTest" time="8.689"/>
  <testcase name="linkAccountTest" classname="ChromeDriverTest.AccountProfileTest" time="10.067"/>
</testsuite>